<?xml version="1.0" encoding="UTF-8"?>
<testng-results ignored="0" total="3" passed="3" failed="0" skipped="0">
  <reporter-output>
  </reporter-output>
  <suite started-at="2024-12-26T12:51:53 IST" name="Default suite" finished-at="2024-12-26T12:51:57 IST" duration-ms="3945">
    <groups>
    </groups>
    <test started-at="2024-12-26T12:51:53 IST" name="Default test" finished-at="2024-12-26T12:51:57 IST" duration-ms="3945">
      <class name="DynamicJson">
        <test-method signature="addBook(java.lang.String,java.lang.String)[pri:0, instance:DynamicJson@3646a422]" started-at="2024-12-26T12:51:53 IST" name="addBook" data-provider="BooksData" finished-at="2024-12-26T12:51:57 IST" duration-ms="3533" status="PASS">
          <params>
            <param index="0">
              <value>
                <![CDATA[6466]]>
              </value>
            </param>
            <param index="1">
              <value>
                <![CDATA[adsfs]]>
              </value>
            </param>
          </params>
          <reporter-output>
          </reporter-output>
        </test-method> <!-- addBook -->
        <test-method signature="addBook(java.lang.String,java.lang.String)[pri:0, instance:DynamicJson@3646a422]" started-at="2024-12-26T12:51:57 IST" name="addBook" data-provider="BooksData" finished-at="2024-12-26T12:51:57 IST" duration-ms="155" status="PASS">
          <params>
            <param index="0">
              <value>
                <![CDATA[6467]]>
              </value>
            </param>
            <param index="1">
              <value>
                <![CDATA[adsfs]]>
              </value>
            </param>
          </params>
          <reporter-output>
          </reporter-output>
        </test-method> <!-- addBook -->
        <test-method signature="addBook(java.lang.String,java.lang.String)[pri:0, instance:DynamicJson@3646a422]" started-at="2024-12-26T12:51:57 IST" name="addBook" data-provider="BooksData" finished-at="2024-12-26T12:51:57 IST" duration-ms="181" status="PASS">
          <params>
            <param index="0">
              <value>
                <![CDATA[6468]]>
              </value>
            </param>
            <param index="1">
              <value>
                <![CDATA[adsfs]]>
              </value>
            </param>
          </params>
          <reporter-output>
          </reporter-output>
        </test-method> <!-- addBook -->
      </class> <!-- DynamicJson -->
    </test> <!-- Default test -->
  </suite> <!-- Default suite -->
</testng-results>
